2021-08-19 14:29:13.104 [main] INFO  com.course.Application - Starting Application on wangyufengdeMacBook-Pro.local with PID 99062 (/Users/wangyufeng/IdeaProjects/wyf/test13/target/classes started by wangyufeng in /Users/wangyufeng/IdeaProjects/wyf)
2021-08-19 14:29:13.107 [main] INFO  com.course.Application - No active profile set, falling back to default profiles: default
2021-08-19 14:29:13.148 [main] INFO  o.s.boot.context.embedded.AnnotationConfigEmbeddedWebApplicationContext - Refreshing org.springframework.boot.context.embedded.AnnotationConfigEmbeddedWebApplicationContext@1b7cc17c: startup date [Thu Aug 19 14:29:13 CST 2021]; root of context hierarchy
2021-08-19 14:29:13.683 [main] WARN  org.mybatis.spring.mapper.ClassPathMapperScanner - No MyBatis mapper was found in '[com.course]' package. Please check your configuration.
2021-08-19 14:29:13.953 [main] INFO  o.s.context.support.PostProcessorRegistrationDelegate$BeanPostProcessorChecker - Bean 'org.springframework.transaction.annotation.ProxyTransactionManagementConfiguration' of type [org.springframework.transaction.annotation.ProxyTransactionManagementConfiguration$$EnhancerBySpringCGLIB$$6a1d63d5] is not eligible for getting processed by all BeanPostProcessors (for example: not eligible for auto-proxying)
2021-08-19 14:29:14.126 [main] INFO  org.springframework.boot.context.embedded.tomcat.TomcatEmbeddedServletContainer - Tomcat initialized with port(s): 8888 (http)
2021-08-19 14:29:14.132 [main] INFO  org.apache.catalina.core.StandardService - Starting service Tomcat
2021-08-19 14:29:14.133 [main] INFO  org.apache.catalina.core.StandardEngine - Starting Servlet Engine: Apache Tomcat/8.5.14
2021-08-19 14:29:14.191 [localhost-startStop-1] INFO  org.apache.catalina.core.ContainerBase.[Tomcat].[localhost].[/] - Initializing Spring embedded WebApplicationContext
2021-08-19 14:29:14.191 [localhost-startStop-1] INFO  org.springframework.web.context.ContextLoader - Root WebApplicationContext: initialization completed in 1043 ms
2021-08-19 14:29:14.288 [localhost-startStop-1] INFO  org.springframework.boot.web.servlet.ServletRegistrationBean - Mapping servlet: 'dispatcherServlet' to [/]
2021-08-19 14:29:14.291 [localhost-startStop-1] INFO  org.springframework.boot.web.servlet.FilterRegistrationBean - Mapping filter: 'characterEncodingFilter' to: [/*]
2021-08-19 14:29:14.291 [localhost-startStop-1] INFO  org.springframework.boot.web.servlet.FilterRegistrationBean - Mapping filter: 'hiddenHttpMethodFilter' to: [/*]
2021-08-19 14:29:14.291 [localhost-startStop-1] INFO  org.springframework.boot.web.servlet.FilterRegistrationBean - Mapping filter: 'httpPutFormContentFilter' to: [/*]
2021-08-19 14:29:14.291 [localhost-startStop-1] INFO  org.springframework.boot.web.servlet.FilterRegistrationBean - Mapping filter: 'requestContextFilter' to: [/*]
2021-08-19 14:29:14.853 [main] INFO  o.springframework.web.servlet.mvc.method.annotation.RequestMappingHandlerMapping - Mapped "{[/v1/login],methods=[POST]}" onto public java.lang.Boolean com.course.controller.UserManager.login(javax.servlet.http.HttpServletResponse,com.course.model.User)
2021-08-19 14:29:14.854 [main] INFO  o.springframework.web.servlet.mvc.method.annotation.RequestMappingHandlerMapping - Mapped "{[/v1/updateUserInfo],methods=[POST]}" onto public int com.course.controller.UserManager.updateUser(javax.servlet.http.HttpServletRequest,com.course.model.User)
2021-08-19 14:29:14.854 [main] INFO  o.springframework.web.servlet.mvc.method.annotation.RequestMappingHandlerMapping - Mapped "{[/v1/addUser],methods=[POST]}" onto public boolean com.course.controller.UserManager.addUser(javax.servlet.http.HttpServletRequest,com.course.model.User)
2021-08-19 14:29:14.854 [main] INFO  o.springframework.web.servlet.mvc.method.annotation.RequestMappingHandlerMapping - Mapped "{[/v1/getUserInfo],methods=[POST]}" onto public java.util.List<com.course.model.User> com.course.controller.UserManager.getUserInfo(javax.servlet.http.HttpServletRequest,com.course.model.User)
2021-08-19 14:29:14.855 [main] INFO  o.springframework.web.servlet.mvc.method.annotation.RequestMappingHandlerMapping - Mapped "{[/v2/api-docs],methods=[GET],produces=[application/json || application/hal+json]}" onto public org.springframework.http.ResponseEntity<springfox.documentation.spring.web.json.Json> springfox.documentation.swagger2.web.Swagger2Controller.getDocumentation(java.lang.String,javax.servlet.http.HttpServletRequest)
2021-08-19 14:29:14.857 [main] INFO  o.springframework.web.servlet.mvc.method.annotation.RequestMappingHandlerMapping - Mapped "{[/swagger-resources/configuration/ui]}" onto org.springframework.http.ResponseEntity<springfox.documentation.swagger.web.UiConfiguration> springfox.documentation.swagger.web.ApiResourceController.uiConfiguration()
2021-08-19 14:29:14.858 [main] INFO  o.springframework.web.servlet.mvc.method.annotation.RequestMappingHandlerMapping - Mapped "{[/swagger-resources/configuration/security]}" onto org.springframework.http.ResponseEntity<springfox.documentation.swagger.web.SecurityConfiguration> springfox.documentation.swagger.web.ApiResourceController.securityConfiguration()
2021-08-19 14:29:14.859 [main] INFO  o.springframework.web.servlet.mvc.method.annotation.RequestMappingHandlerMapping - Mapped "{[/swagger-resources]}" onto org.springframework.http.ResponseEntity<java.util.List<springfox.documentation.swagger.web.SwaggerResource>> springfox.documentation.swagger.web.ApiResourceController.swaggerResources()
2021-08-19 14:29:14.860 [main] INFO  o.springframework.web.servlet.mvc.method.annotation.RequestMappingHandlerMapping - Mapped "{[/error],produces=[text/html]}" onto public org.springframework.web.servlet.ModelAndView org.springframework.boot.autoconfigure.web.BasicErrorController.errorHtml(javax.servlet.http.HttpServletRequest,javax.servlet.http.HttpServletResponse)
2021-08-19 14:29:14.861 [main] INFO  o.springframework.web.servlet.mvc.method.annotation.RequestMappingHandlerMapping - Mapped "{[/error]}" onto public org.springframework.http.ResponseEntity<java.util.Map<java.lang.String, java.lang.Object>> org.springframework.boot.autoconfigure.web.BasicErrorController.error(javax.servlet.http.HttpServletRequest)
2021-08-19 14:29:14.963 [main] INFO  o.springframework.web.servlet.mvc.method.annotation.RequestMappingHandlerAdapter - Looking for @ControllerAdvice: org.springframework.boot.context.embedded.AnnotationConfigEmbeddedWebApplicationContext@1b7cc17c: startup date [Thu Aug 19 14:29:13 CST 2021]; root of context hierarchy
2021-08-19 14:29:14.995 [main] INFO  org.springframework.web.servlet.handler.SimpleUrlHandlerMapping - Mapped URL path [/webjars/**] onto handler of type [class org.springframework.web.servlet.resource.ResourceHttpRequestHandler]
2021-08-19 14:29:14.995 [main] INFO  org.springframework.web.servlet.handler.SimpleUrlHandlerMapping - Mapped URL path [/**] onto handler of type [class org.springframework.web.servlet.resource.ResourceHttpRequestHandler]
2021-08-19 14:29:15.016 [main] INFO  org.springframework.web.servlet.handler.SimpleUrlHandlerMapping - Mapped URL path [/**/favicon.ico] onto handler of type [class org.springframework.web.servlet.resource.ResourceHttpRequestHandler]
2021-08-19 14:29:15.149 [main] INFO  org.springframework.jmx.export.annotation.AnnotationMBeanExporter - Registering beans for JMX exposure on startup
2021-08-19 14:29:15.155 [main] INFO  org.springframework.context.support.DefaultLifecycleProcessor - Starting beans in phase 2147483647
2021-08-19 14:29:15.155 [main] INFO  springfox.documentation.spring.web.plugins.DocumentationPluginsBootstrapper - Context refreshed
2021-08-19 14:29:15.166 [main] INFO  springfox.documentation.spring.web.plugins.DocumentationPluginsBootstrapper - Found 1 custom documentation plugin(s)
2021-08-19 14:29:15.174 [main] INFO  springfox.documentation.spring.web.scanners.ApiListingReferenceScanner - Scanning for api listing references
2021-08-19 14:29:15.365 [main] INFO  org.springframework.boot.context.embedded.tomcat.TomcatEmbeddedServletContainer - Tomcat started on port(s): 8888 (http)
2021-08-19 14:29:15.370 [main] INFO  com.course.Application - Started Application in 2.537 seconds (JVM running for 3.263)
2021-08-19 14:30:25.479 [http-nio-8888-exec-1] INFO  org.apache.catalina.core.ContainerBase.[Tomcat].[localhost].[/] - Initializing Spring FrameworkServlet 'dispatcherServlet'
2021-08-19 14:30:25.480 [http-nio-8888-exec-1] INFO  org.springframework.web.servlet.DispatcherServlet - FrameworkServlet 'dispatcherServlet': initialization started
2021-08-19 14:30:25.497 [http-nio-8888-exec-1] INFO  org.springframework.web.servlet.DispatcherServlet - FrameworkServlet 'dispatcherServlet': initialization completed in 17 ms
2021-08-19 14:30:25.740 [http-nio-8888-exec-1] INFO  com.course.controller.UserManager - 查看到的结果是1
2021-08-19 14:30:25.800 [http-nio-8888-exec-2] INFO  com.course.controller.UserManager - 查看到的结果是0
2021-08-19 14:30:25.834 [http-nio-8888-exec-3] INFO  com.course.controller.UserManager - cookies验证通过
2021-08-19 14:30:25.837 [http-nio-8888-exec-3] INFO  com.course.controller.UserManager - 添加用户的数量是:1
2021-08-19 14:30:25.899 [http-nio-8888-exec-4] INFO  com.course.controller.UserManager - cookies验证通过
2021-08-19 14:30:25.912 [http-nio-8888-exec-4] INFO  com.course.controller.UserManager - getUserInfo获取到的用户数量是1
2021-08-19 14:30:25.952 [http-nio-8888-exec-5] INFO  com.course.controller.UserManager - cookies验证通过
2021-08-19 14:30:25.955 [http-nio-8888-exec-5] INFO  com.course.controller.UserManager - 更新数据的条目数为:1
2021-08-19 14:30:26.031 [http-nio-8888-exec-6] INFO  com.course.controller.UserManager - cookies验证通过
2021-08-19 14:30:26.033 [http-nio-8888-exec-6] INFO  com.course.controller.UserManager - 更新数据的条目数为:1
2021-08-19 14:30:26.079 [http-nio-8888-exec-7] INFO  com.course.controller.UserManager - cookies验证通过
2021-08-19 14:30:26.081 [http-nio-8888-exec-7] INFO  com.course.controller.UserManager - getUserInfo获取到的用户数量是4
2021-08-19 16:38:23.389 [http-nio-8888-exec-9] INFO  com.course.controller.UserManager - 查看到的结果是1
2021-08-19 16:38:23.441 [http-nio-8888-exec-10] INFO  com.course.controller.UserManager - 查看到的结果是0
2021-08-19 16:38:23.473 [http-nio-8888-exec-1] INFO  com.course.controller.UserManager - cookies验证通过
2021-08-19 16:38:23.478 [http-nio-8888-exec-1] INFO  com.course.controller.UserManager - 添加用户的数量是:1
2021-08-19 16:38:23.539 [http-nio-8888-exec-2] INFO  com.course.controller.UserManager - cookies验证通过
2021-08-19 16:38:23.541 [http-nio-8888-exec-2] INFO  com.course.controller.UserManager - getUserInfo获取到的用户数量是1
2021-08-19 16:38:23.572 [http-nio-8888-exec-3] INFO  com.course.controller.UserManager - cookies验证通过
2021-08-19 16:38:23.574 [http-nio-8888-exec-3] INFO  com.course.controller.UserManager - 更新数据的条目数为:1
2021-08-19 16:38:23.648 [http-nio-8888-exec-4] INFO  com.course.controller.UserManager - cookies验证通过
2021-08-19 16:38:23.651 [http-nio-8888-exec-4] INFO  com.course.controller.UserManager - 更新数据的条目数为:1
2021-08-19 16:38:23.696 [http-nio-8888-exec-5] INFO  com.course.controller.UserManager - cookies验证通过
2021-08-19 16:38:23.698 [http-nio-8888-exec-5] INFO  com.course.controller.UserManager - getUserInfo获取到的用户数量是5
2021-08-19 16:39:07.702 [http-nio-8888-exec-7] INFO  com.course.controller.UserManager - 查看到的结果是1
2021-08-19 16:39:07.750 [http-nio-8888-exec-8] INFO  com.course.controller.UserManager - 查看到的结果是0
2021-08-19 16:39:07.787 [http-nio-8888-exec-9] INFO  com.course.controller.UserManager - cookies验证通过
2021-08-19 16:39:07.789 [http-nio-8888-exec-9] INFO  com.course.controller.UserManager - 添加用户的数量是:1
2021-08-19 16:39:07.843 [http-nio-8888-exec-10] INFO  com.course.controller.UserManager - cookies验证通过
2021-08-19 16:39:07.845 [http-nio-8888-exec-10] INFO  com.course.controller.UserManager - getUserInfo获取到的用户数量是1
2021-08-19 16:39:07.880 [http-nio-8888-exec-1] INFO  com.course.controller.UserManager - cookies验证通过
2021-08-19 16:39:07.883 [http-nio-8888-exec-1] INFO  com.course.controller.UserManager - 更新数据的条目数为:1
2021-08-19 16:39:07.954 [http-nio-8888-exec-2] INFO  com.course.controller.UserManager - cookies验证通过
2021-08-19 16:39:07.956 [http-nio-8888-exec-2] INFO  com.course.controller.UserManager - 更新数据的条目数为:1
2021-08-19 16:39:08.004 [http-nio-8888-exec-3] INFO  com.course.controller.UserManager - cookies验证通过
2021-08-19 16:39:08.006 [http-nio-8888-exec-3] INFO  com.course.controller.UserManager - getUserInfo获取到的用户数量是4
2021-08-19 16:39:49.421 [Thread-6] INFO  o.s.boot.context.embedded.AnnotationConfigEmbeddedWebApplicationContext - Closing org.springframework.boot.context.embedded.AnnotationConfigEmbeddedWebApplicationContext@1b7cc17c: startup date [Thu Aug 19 14:29:13 CST 2021]; root of context hierarchy
2021-08-19 16:39:49.423 [Thread-6] INFO  org.springframework.context.support.DefaultLifecycleProcessor - Stopping beans in phase 2147483647
2021-08-19 16:39:49.423 [Thread-6] INFO  org.springframework.jmx.export.annotation.AnnotationMBeanExporter - Unregistering JMX-exposed beans on shutdown
